SELECT DISTINCT N1_302_car_names.make, N1_302_car_names.model FROM car_names AS N1_302_car_names WHERE N1_302_car_names.make = 'amc hornet'
SELECT DISTINCT N1_303_car_names.makeid, N1_303_model_list.modelid FROM countries AS N1_303_countries JOIN car_makers AS N1_303_car_makers ON N1_303_countries.countryid=N1_303_car_makers.country JOIN model_list AS N1_303_model_list ON N1_303_car_makers.id=N1_303_model_list.maker JOIN car_names AS N1_303_car_names ON N1_303_model_list.model=N1_303_car_names.model WHERE N1_303_countries.countryname NOT IN ('japan','italy','usa') ORDER BY N1_303_car_names.makeid
SELECT DISTINCT N1_304_car_names.make FROM car_names AS N1_304_car_names WHERE N1_304_car_names.make = 'fiat 124b' ORDER BY N1_304_car_names.make LIMIT 3
SELECT DISTINCT N1_305_cars_data.mpg, N1_305_cars_data.id FROM cars_data AS N1_305_cars_data WHERE (N1_305_cars_data.mpg > 21.1 AND N1_305_cars_data.mpg < 25.0)
SELECT DISTINCT * FROM car_names AS N1_306_car_names WHERE N1_306_car_names.make LIKE '%pin%'
SELECT DISTINCT N1_307_model_list.modelid FROM car_names AS N1_307_car_names JOIN model_list AS N1_307_model_list ON N1_307_model_list.model=N1_307_car_names.model WHERE N1_307_car_names.make LIKE 'dod%'
SELECT DISTINCT MIN(N1_308_cars_data.year) FROM cars_data AS N1_308_cars_data WHERE N1_308_cars_data.weight != 2228
SELECT DISTINCT N1_309_countries.countryid, N1_309_countries.continent, N1_309_continents.contid FROM continents AS N1_309_continents JOIN countries AS N1_309_countries ON N1_309_continents.contid=N1_309_countries.continent
SELECT DISTINCT N1_310_cars_data.year, MIN(N1_310_cars_data.horsepower) FROM cars_data AS N1_310_cars_data WHERE (N1_310_cars_data.edispl >= 383.0 AND N1_310_cars_data.horsepower != 16.0) GROUP BY N1_310_cars_data.year
SELECT DISTINCT N1_311_cars_data.id FROM cars_data AS N1_311_cars_data
SELECT DISTINCT * FROM car_makers AS N1_312_car_makers WHERE N1_312_car_makers.maker IN ('chrysler','gm','amc')
SELECT DISTINCT N1_313_car_names.makeid, N1_313_cars_data.weight FROM cars_data AS N1_313_cars_data JOIN car_names AS N1_313_car_names ON N1_313_car_names.makeid=N1_313_cars_data.id JOIN model_list AS N1_313_model_list ON N1_313_model_list.model=N1_313_car_names.model JOIN car_makers AS N1_313_car_makers ON N1_313_car_makers.id=N1_313_model_list.maker WHERE (N1_313_car_makers.maker NOT LIKE '%for%' OR (N1_313_cars_data.weight >= 2310 AND N1_313_cars_data.weight < 4154))
SELECT DISTINCT N1_314_countries.continent, N1_314_continents.contid FROM continents AS N1_314_continents JOIN countries AS N1_314_countries ON N1_314_continents.contid=N1_314_countries.continent WHERE N1_314_countries.countryname = 'japan'
SELECT DISTINCT N1_315_cars_data.year, SUM(N1_315_cars_data.horsepower), COUNT(N1_315_car_names.model) FROM cars_data AS N1_315_cars_data JOIN car_names AS N1_315_car_names ON N1_315_car_names.makeid=N1_315_cars_data.id WHERE (N1_315_cars_data.horsepower < 19.0 AND N1_315_cars_data.year >= 1973) GROUP BY N1_315_cars_data.year ORDER BY SUM(N1_315_cars_data.horsepower)
SELECT DISTINCT N1_316_cars_data.year, SUM(N1_316_cars_data.horsepower), COUNT(N1_316_car_names.model) FROM cars_data AS N1_316_cars_data JOIN car_names AS N1_316_car_names ON N1_316_car_names.makeid=N1_316_cars_data.id WHERE (N1_316_cars_data.horsepower < 19.0 AND N1_316_cars_data.year >= 1973) GROUP BY N1_316_cars_data.year
SELECT DISTINCT N1_317_cars_data.id, N1_317_model_list.maker, N1_317_cars_data.year FROM cars_data AS N1_317_cars_data JOIN car_names AS N1_317_car_names ON N1_317_car_names.makeid=N1_317_cars_data.id JOIN model_list AS N1_317_model_list ON N1_317_model_list.model=N1_317_car_names.model WHERE (N1_317_cars_data.accelerate >= 18.5 OR N1_317_cars_data.horsepower <= 23.0)
SELECT DISTINCT * FROM car_names AS N1_318_car_names WHERE N1_318_car_names.make NOT LIKE '%net'
SELECT DISTINCT N1_319_cars_data.id FROM cars_data AS N1_319_cars_data WHERE ((N1_319_cars_data.edispl >= 200.0 AND N1_319_cars_data.edispl < 304.0) OR N1_319_cars_data.edispl > 305.0)
SELECT DISTINCT N1_320_cars_data.year, COUNT(*) FROM cars_data AS N1_320_cars_data GROUP BY N1_320_cars_data.year ORDER BY COUNT(*)
SELECT DISTINCT N1_321_cars_data.year, COUNT(*) FROM cars_data AS N1_321_cars_data GROUP BY N1_321_cars_data.year
SELECT DISTINCT N1_322_cars_data.year, N1_322_cars_data.cylinders FROM cars_data AS N1_322_cars_data WHERE (N1_322_cars_data.accelerate >= 13.8 AND N1_322_cars_data.accelerate < 14.0)
SELECT DISTINCT * FROM countries AS N1_323_countries WHERE N1_323_countries.countryname = 'japan'
SELECT DISTINCT N1_324_car_names.model, N1_324_car_names.makeid, N1_324_car_names.make FROM car_names AS N1_324_car_names WHERE N1_324_car_names.make NOT IN ('plymouth cuda 340','chevrolet nova','chevrolet impala')
SELECT DISTINCT COUNT(N1_325_countries.continent) FROM countries AS N1_325_countries WHERE N1_325_countries.countryname NOT IN ('japan','germany','usa')
SELECT DISTINCT N1_326_countries.continent FROM countries AS N1_326_countries
SELECT DISTINCT N1_327_continents.contid, N1_327_continents.continent FROM continents AS N1_327_continents WHERE N1_327_continents.continent IN ('america','europe')
SELECT DISTINCT N1_328_cars_data.year, COUNT(N1_328_car_names.model), MIN(N1_328_cars_data.horsepower) FROM cars_data AS N1_328_cars_data JOIN car_names AS N1_328_car_names ON N1_328_car_names.makeid=N1_328_cars_data.id GROUP BY N1_328_cars_data.year
SELECT DISTINCT COUNT(N1_329_model_list.modelid), COUNT(N1_329_car_names.model), COUNT(N1_329_model_list.model) FROM car_names AS N1_329_car_names JOIN model_list AS N1_329_model_list ON N1_329_model_list.model=N1_329_car_names.model WHERE N1_329_car_names.make NOT LIKE '%for%'
SELECT DISTINCT COUNT(N1_330_car_makers.id), COUNT(N1_330_car_makers.fullname), COUNT(N1_330_car_makers.country) FROM car_makers AS N1_330_car_makers WHERE N1_330_car_makers.fullname = 'Chrysler'
SELECT DISTINCT N1_331_cars_data.year, MIN(N1_331_cars_data.cylinders), COUNT(N1_331_car_names.model), COUNT(N1_331_model_list.maker) FROM cars_data AS N1_331_cars_data JOIN car_names AS N1_331_car_names ON N1_331_car_names.makeid=N1_331_cars_data.id JOIN model_list AS N1_331_model_list ON N1_331_model_list.model=N1_331_car_names.model JOIN car_makers AS N1_331_car_makers ON N1_331_car_makers.id=N1_331_model_list.maker WHERE N1_331_car_makers.fullname IN ('Toyota','Daimler Benz','Nissan Motors') GROUP BY N1_331_cars_data.year
SELECT DISTINCT N1_332_car_makers.maker, N1_332_car_makers.country, N1_332_car_makers.fullname FROM car_makers AS N1_332_car_makers WHERE N1_332_car_makers.fullname IN ('American Motor Company','General Motors')
SELECT DISTINCT COUNT(*) FROM countries AS N1_333_countries WHERE N1_333_countries.countryname IN ('usa','japan')
SELECT DISTINCT COUNT(N1_334_countries.countryname), COUNT(N1_334_countries.continent), COUNT(N1_334_countries.countryid) FROM countries AS N1_334_countries WHERE N1_334_countries.countryname = 'usa'
SELECT DISTINCT COUNT(N1_335_car_makers.id) FROM car_makers AS N1_335_car_makers WHERE N1_335_car_makers.fullname = 'Ford Motor Company'
SELECT DISTINCT N1_336_car_makers.country FROM car_makers AS N1_336_car_makers
SELECT DISTINCT N1_337_countries.continent, N1_337_countries.countryname, N1_337_countries.countryid FROM countries AS N1_337_countries WHERE N1_337_countries.countryname = 'usa'
SELECT DISTINCT N1_338_car_makers.id, N1_338_car_makers.fullname FROM car_makers AS N1_338_car_makers WHERE N1_338_car_makers.fullname = 'Ford Motor Company'
SELECT DISTINCT N1_339_continents.contid, N1_339_countries.countryid FROM continents AS N1_339_continents JOIN countries AS N1_339_countries ON N1_339_continents.contid=N1_339_countries.continent
SELECT DISTINCT N1_340_cars_data.year, COUNT(*) FROM cars_data AS N1_340_cars_data WHERE N1_340_cars_data.year > 1971 GROUP BY N1_340_cars_data.year
SELECT DISTINCT N1_341_continents.continent, COUNT(N1_341_car_makers.id), COUNT(N1_341_car_makers.country), COUNT(N1_341_car_makers.maker) FROM car_makers AS N1_341_car_makers JOIN countries AS N1_341_countries ON N1_341_countries.countryid=N1_341_car_makers.country JOIN continents AS N1_341_continents ON N1_341_continents.contid=N1_341_countries.continent GROUP BY N1_341_continents.continent ORDER BY COUNT(N1_341_car_makers.maker) LIMIT 3
SELECT DISTINCT N1_342_continents.continent, COUNT(N1_342_car_makers.id), COUNT(N1_342_car_makers.country), COUNT(N1_342_car_makers.maker) FROM car_makers AS N1_342_car_makers JOIN countries AS N1_342_countries ON N1_342_countries.countryid=N1_342_car_makers.country JOIN continents AS N1_342_continents ON N1_342_continents.contid=N1_342_countries.continent GROUP BY N1_342_continents.continent
SELECT DISTINCT N1_343_continents.continent, N1_343_continents.contid FROM continents AS N1_343_continents WHERE N1_343_continents.continent != 'america'
SELECT DISTINCT N1_344_countries.countryid, N1_344_countries.continent FROM countries AS N1_344_countries WHERE N1_344_countries.countryname LIKE '%usa'
SELECT DISTINCT N1_345_car_makers.country, N1_345_model_list.modelid, N1_345_car_names.makeid FROM car_makers AS N1_345_car_makers JOIN model_list AS N1_345_model_list ON N1_345_car_makers.id=N1_345_model_list.maker JOIN car_names AS N1_345_car_names ON N1_345_model_list.model=N1_345_car_names.model WHERE (N1_345_car_makers.fullname = 'Chrysler' AND N1_345_car_names.make = 'chrysler newport royal') ORDER BY N1_345_model_list.modelid LIMIT 3
SELECT DISTINCT N1_346_countries.continent, N1_346_countries.countryid, N1_346_countries.countryname FROM countries AS N1_346_countries WHERE N1_346_countries.countryname LIKE '%usa%'
SELECT DISTINCT N1_347_continents.continent, N1_347_continents.contid FROM continents AS N1_347_continents WHERE N1_347_continents.continent = 'europe' ORDER BY N1_347_continents.continent LIMIT 4
SELECT DISTINCT N1_348_car_names.make, N1_348_car_names.makeid FROM car_makers AS N1_348_car_makers JOIN model_list AS N1_348_model_list ON N1_348_car_makers.id=N1_348_model_list.maker JOIN car_names AS N1_348_car_names ON N1_348_model_list.model=N1_348_car_names.model WHERE N1_348_car_makers.maker NOT IN ('ford','chrysler','gm')
SELECT DISTINCT N1_349_cars_data.year, MIN(N1_349_cars_data.cylinders), MAX(N1_349_cars_data.weight) FROM cars_data AS N1_349_cars_data WHERE (N1_349_cars_data.accelerate >= 14.0 OR N1_349_cars_data.year <= 1972) GROUP BY N1_349_cars_data.year
SELECT DISTINCT N1_350_model_list.modelid, N1_350_cars_data.cylinders FROM cars_data AS N1_350_cars_data JOIN car_names AS N1_350_car_names ON N1_350_car_names.makeid=N1_350_cars_data.id JOIN model_list AS N1_350_model_list ON N1_350_model_list.model=N1_350_car_names.model
SELECT DISTINCT COUNT(N1_351_countries.countryid) FROM countries AS N1_351_countries WHERE N1_351_countries.countryname = 'germany'
SELECT DISTINCT N1_352_car_names.make FROM car_names AS N1_352_car_names WHERE N1_352_car_names.make NOT IN ('ford pinto','chevy c20','volvo 144ea')
SELECT DISTINCT COUNT(N1_353_countries.countryid), COUNT(N1_353_car_makers.maker), COUNT(N1_353_model_list.maker) FROM car_makers AS N1_353_car_makers JOIN countries AS N1_353_countries ON N1_353_countries.countryid=N1_353_car_makers.country JOIN model_list AS N1_353_model_list ON N1_353_car_makers.id=N1_353_model_list.maker WHERE N1_353_car_makers.maker = 'chrysler'
SELECT DISTINCT N1_354_countries.countryname, N1_354_countries.continent, N1_354_countries.countryid FROM countries AS N1_354_countries WHERE N1_354_countries.countryname NOT LIKE 'usa%' ORDER BY N1_354_countries.countryname
SELECT DISTINCT N1_355_car_names.make FROM car_names AS N1_355_car_names WHERE N1_355_car_names.make NOT LIKE '%for%'
SELECT DISTINCT N1_356_cars_data.year, COUNT(N1_356_cars_data.accelerate), COUNT(N1_356_car_names.model) FROM cars_data AS N1_356_cars_data JOIN car_names AS N1_356_car_names ON N1_356_car_names.makeid=N1_356_cars_data.id WHERE (N1_356_cars_data.cylinders = 4 OR (N1_356_cars_data.accelerate = 10.0 AND N1_356_cars_data.edispl < 455.0)) GROUP BY N1_356_cars_data.year HAVING COUNT(*) <= 11 ORDER BY COUNT(N1_356_cars_data.accelerate)
SELECT DISTINCT N1_357_cars_data.year, COUNT(N1_357_cars_data.accelerate), COUNT(N1_357_car_names.model), COUNT(*) FROM cars_data AS N1_357_cars_data JOIN car_names AS N1_357_car_names ON N1_357_car_names.makeid=N1_357_cars_data.id WHERE (N1_357_cars_data.cylinders = 4 OR (N1_357_cars_data.accelerate = 10.0 AND N1_357_cars_data.edispl < 455.0)) GROUP BY N1_357_cars_data.year
SELECT DISTINCT N1_358_cars_data.mpg FROM cars_data AS N1_358_cars_data WHERE (N1_358_cars_data.mpg > 30.0 AND N1_358_cars_data.cylinders > 4) ORDER BY N1_358_cars_data.mpg
SELECT DISTINCT * FROM countries AS N1_359_countries WHERE N1_359_countries.countryname IN ('italy','japan','usa')
SELECT DISTINCT SUM(N1_360_cars_data.edispl) FROM cars_data AS N1_360_cars_data WHERE (N1_360_cars_data.edispl <= 113.0 AND (N1_360_cars_data.weight >= 1985 AND N1_360_cars_data.weight <= 2035))
SELECT DISTINCT N1_361_countries.continent, N1_361_car_makers.id FROM car_makers AS N1_361_car_makers JOIN countries AS N1_361_countries ON N1_361_countries.countryid=N1_361_car_makers.country WHERE (N1_361_countries.countryname = 'usa' AND N1_361_car_makers.maker = 'amc')
SELECT DISTINCT N1_362_countries.countryid, N1_362_car_makers.maker, N1_362_car_makers.fullname FROM car_makers AS N1_362_car_makers JOIN countries AS N1_362_countries ON N1_362_countries.countryid=N1_362_car_makers.country WHERE N1_362_car_makers.maker IN ('amc','chrysler','volkswagen')
SELECT DISTINCT N1_363_continents.continent, COUNT(N1_363_model_list.modelid), COUNT(N1_363_car_makers.country) FROM continents AS N1_363_continents JOIN countries AS N1_363_countries ON N1_363_continents.contid=N1_363_countries.continent JOIN car_makers AS N1_363_car_makers ON N1_363_countries.countryid=N1_363_car_makers.country JOIN model_list AS N1_363_model_list ON N1_363_car_makers.id=N1_363_model_list.maker WHERE N1_363_car_makers.fullname != 'Fiat' GROUP BY N1_363_continents.continent ORDER BY COUNT(N1_363_model_list.modelid), N1_363_continents.continent
SELECT DISTINCT N1_364_continents.continent, COUNT(N1_364_model_list.modelid), COUNT(N1_364_car_makers.country) FROM continents AS N1_364_continents JOIN countries AS N1_364_countries ON N1_364_continents.contid=N1_364_countries.continent JOIN car_makers AS N1_364_car_makers ON N1_364_countries.countryid=N1_364_car_makers.country JOIN model_list AS N1_364_model_list ON N1_364_car_makers.id=N1_364_model_list.maker WHERE N1_364_car_makers.fullname != 'Fiat' GROUP BY N1_364_continents.continent
SELECT DISTINCT N1_365_cars_data.cylinders FROM cars_data AS N1_365_cars_data ORDER BY N1_365_cars_data.cylinders LIMIT 5
SELECT DISTINCT N1_366_continents.contid, N1_366_continents.continent FROM continents AS N1_366_continents
SELECT DISTINCT * FROM cars_data AS N1_367_cars_data WHERE N1_367_cars_data.accelerate >= 15.5
SELECT DISTINCT N1_368_car_names.makeid FROM car_names AS N1_368_car_names WHERE N1_368_car_names.make NOT LIKE '%for%'
SELECT DISTINCT COUNT(N1_369_countries.continent), COUNT(N1_369_countries.countryid) FROM countries AS N1_369_countries
SELECT DISTINCT COUNT(N1_370_cars_data.horsepower) FROM cars_data AS N1_370_cars_data WHERE (N1_370_cars_data.horsepower > 15.0 AND N1_370_cars_data.year != 1982)
SELECT DISTINCT COUNT(*) FROM cars_data AS N1_371_cars_data WHERE (N1_371_cars_data.weight <= 2254 AND N1_371_cars_data.edispl >= 86.0)
SELECT DISTINCT N1_372_model_list.model, N1_372_car_makers.fullname FROM car_makers AS N1_372_car_makers JOIN model_list AS N1_372_model_list ON N1_372_car_makers.id=N1_372_model_list.maker WHERE N1_372_car_makers.fullname = 'Toyota'
SELECT DISTINCT N1_373_cars_data.year, AVG(N1_373_cars_data.edispl) FROM cars_data AS N1_373_cars_data WHERE ((N1_373_cars_data.edispl <= 340.0 OR (N1_373_cars_data.year >= 1971 AND N1_373_cars_data.year <= 1972)) OR (N1_373_cars_data.year > 1973 AND N1_373_cars_data.year < 1977)) GROUP BY N1_373_cars_data.year HAVING COUNT(*) < 29
SELECT DISTINCT N1_374_cars_data.year, AVG(N1_374_cars_data.edispl), COUNT(*) FROM cars_data AS N1_374_cars_data WHERE ((N1_374_cars_data.edispl <= 340.0 OR (N1_374_cars_data.year >= 1971 AND N1_374_cars_data.year <= 1972)) OR (N1_374_cars_data.year > 1973 AND N1_374_cars_data.year < 1977)) GROUP BY N1_374_cars_data.year
SELECT DISTINCT N1_375_continents.contid, N1_375_countries.countryid FROM continents AS N1_375_continents JOIN countries AS N1_375_countries ON N1_375_continents.contid=N1_375_countries.continent WHERE N1_375_countries.countryname IN ('japan','usa')
SELECT DISTINCT * FROM continents AS N1_376_continents WHERE N1_376_continents.continent IN ('asia','america')
SELECT DISTINCT N1_377_cars_data.year, COUNT(N1_377_car_names.makeid), MAX(N1_377_cars_data.edispl), COUNT(N1_377_cars_data.edispl) FROM cars_data AS N1_377_cars_data JOIN car_names AS N1_377_car_names ON N1_377_car_names.makeid=N1_377_cars_data.id WHERE (N1_377_cars_data.year > 1973 AND N1_377_cars_data.edispl > 232.0) GROUP BY N1_377_cars_data.year HAVING COUNT(*) <= 10
SELECT DISTINCT N1_378_cars_data.year, COUNT(N1_378_car_names.makeid), MAX(N1_378_cars_data.edispl), COUNT(N1_378_cars_data.edispl), COUNT(*) FROM cars_data AS N1_378_cars_data JOIN car_names AS N1_378_car_names ON N1_378_car_names.makeid=N1_378_cars_data.id WHERE (N1_378_cars_data.year > 1973 AND N1_378_cars_data.edispl > 232.0) GROUP BY N1_378_cars_data.year
SELECT DISTINCT COUNT(N1_379_continents.continent), COUNT(N1_379_continents.contid) FROM continents AS N1_379_continents
SELECT DISTINCT N1_380_car_makers.country, N1_380_car_makers.id, N1_380_countries.continent FROM car_makers AS N1_380_car_makers JOIN countries AS N1_380_countries ON N1_380_countries.countryid=N1_380_car_makers.country WHERE N1_380_car_makers.fullname = 'Toyota'
SELECT DISTINCT * FROM continents AS N1_381_continents WHERE N1_381_continents.continent = 'america'
SELECT DISTINCT N1_382_countries.continent, N1_382_continents.contid FROM continents AS N1_382_continents JOIN countries AS N1_382_countries ON N1_382_continents.contid=N1_382_countries.continent
SELECT DISTINCT N1_383_car_names.makeid, N1_383_car_names.model FROM car_names AS N1_383_car_names WHERE N1_383_car_names.make = 'amc gremlin'
SELECT DISTINCT N1_384_continents.continent, COUNT(N1_384_continents.contid) FROM continents AS N1_384_continents WHERE N1_384_continents.continent LIKE '%ica' GROUP BY N1_384_continents.continent ORDER BY COUNT(N1_384_continents.contid)
SELECT DISTINCT N1_385_continents.continent, COUNT(N1_385_continents.contid) FROM continents AS N1_385_continents WHERE N1_385_continents.continent LIKE '%ica' GROUP BY N1_385_continents.continent
SELECT DISTINCT N1_386_cars_data.year FROM cars_data AS N1_386_cars_data
SELECT DISTINCT * FROM cars_data AS N1_387_cars_data WHERE (N1_387_cars_data.accelerate <= 18.5 AND (N1_387_cars_data.edispl <= 97.0 AND N1_387_cars_data.year >= 1980))
SELECT DISTINCT N1_388_car_makers.fullname, N1_388_car_makers.country, N1_388_car_makers.id FROM car_makers AS N1_388_car_makers WHERE N1_388_car_makers.fullname = 'Chrysler' ORDER BY N1_388_car_makers.country
SELECT DISTINCT N1_389_countries.continent, N1_389_car_makers.fullname FROM car_makers AS N1_389_car_makers JOIN countries AS N1_389_countries ON N1_389_countries.countryid=N1_389_car_makers.country WHERE (N1_389_car_makers.fullname NOT IN ('Chrysler','Ford Motor Company') OR N1_389_car_makers.fullname = 'Ford Motor Company')
SELECT DISTINCT N1_390_countries.continent, N1_390_countries.countryid FROM countries AS N1_390_countries WHERE N1_390_countries.countryname = 'usa'
SELECT DISTINCT N1_391_cars_data.id, N1_391_cars_data.cylinders, N1_391_cars_data.accelerate FROM cars_data AS N1_391_cars_data WHERE (N1_391_cars_data.mpg != 19.0 OR (N1_391_cars_data.cylinders <= 4 OR N1_391_cars_data.edispl < 250.0))
SELECT DISTINCT N1_392_car_names.make, N1_392_car_names.model FROM car_names AS N1_392_car_names WHERE N1_392_car_names.make NOT IN ('toyota corona','chevrolet caprice classic','chrysler lebaron town @ country (sw)')
SELECT DISTINCT N1_393_cars_data.year, MIN(N1_393_cars_data.accelerate) FROM cars_data AS N1_393_cars_data WHERE (N1_393_cars_data.edispl > 122.0 AND N1_393_cars_data.accelerate <= 16.7) GROUP BY N1_393_cars_data.year HAVING COUNT(*) > 8
SELECT DISTINCT N1_394_cars_data.year, MIN(N1_394_cars_data.accelerate), COUNT(*) FROM cars_data AS N1_394_cars_data WHERE (N1_394_cars_data.edispl > 122.0 AND N1_394_cars_data.accelerate <= 16.7) GROUP BY N1_394_cars_data.year
SELECT DISTINCT COUNT(*) FROM countries AS N1_395_countries WHERE N1_395_countries.countryname LIKE 'usa%'
SELECT DISTINCT COUNT(N1_396_continents.continent), COUNT(N1_396_countries.continent), COUNT(N1_396_continents.contid) FROM continents AS N1_396_continents JOIN countries AS N1_396_countries ON N1_396_continents.contid=N1_396_countries.continent WHERE N1_396_continents.continent = 'america'
SELECT DISTINCT N1_397_car_names.makeid, N1_397_model_list.model FROM car_names AS N1_397_car_names JOIN model_list AS N1_397_model_list ON N1_397_model_list.model=N1_397_car_names.model
SELECT DISTINCT N1_398_continents.continent, N1_398_continents.contid FROM continents AS N1_398_continents WHERE N1_398_continents.continent LIKE '%ric%' ORDER BY N1_398_continents.continent
SELECT DISTINCT N1_399_continents.continent, N1_399_continents.contid FROM continents AS N1_399_continents WHERE N1_399_continents.continent = 'america' ORDER BY N1_399_continents.contid, N1_399_continents.continent
SELECT DISTINCT N1_400_model_list.model FROM car_names AS N1_400_car_names JOIN model_list AS N1_400_model_list ON N1_400_model_list.model=N1_400_car_names.model WHERE N1_400_car_names.make IN ('ford pinto','dodge aries wagon (sw)')
SELECT DISTINCT * FROM countries AS N1_401_countries WHERE N1_401_countries.countryname = 'usa'
SELECT DISTINCT * FROM car_makers AS N1_402_car_makers WHERE N1_402_car_makers.maker LIKE 'for%'
SELECT DISTINCT N1_403_cars_data.year, COUNT(*) FROM cars_data AS N1_403_cars_data WHERE (((N1_403_cars_data.horsepower > 18.0 AND N1_403_cars_data.horsepower <= 41.5) OR (N1_403_cars_data.accelerate > 13.2 AND N1_403_cars_data.accelerate <= 13.5)) OR N1_403_cars_data.horsepower < 13.0) GROUP BY N1_403_cars_data.year ORDER BY COUNT(*)
SELECT DISTINCT N1_404_cars_data.year, COUNT(*) FROM cars_data AS N1_404_cars_data WHERE (((N1_404_cars_data.horsepower > 18.0 AND N1_404_cars_data.horsepower <= 41.5) OR (N1_404_cars_data.accelerate > 13.2 AND N1_404_cars_data.accelerate <= 13.5)) OR N1_404_cars_data.horsepower < 13.0) GROUP BY N1_404_cars_data.year
SELECT DISTINCT COUNT(N1_405_car_names.make), COUNT(N1_405_car_names.model) FROM car_names AS N1_405_car_names WHERE N1_405_car_names.make = 'ford pinto'
SELECT DISTINCT N1_406_continents.continent FROM continents AS N1_406_continents JOIN countries AS N1_406_countries ON N1_406_continents.contid=N1_406_countries.continent WHERE (N1_406_continents.continent NOT LIKE '%ica' AND N1_406_countries.countryname NOT LIKE 'jap%')
SELECT DISTINCT N1_407_cars_data.year, COUNT(N1_407_cars_data.id), COUNT(N1_407_car_names.make) FROM cars_data AS N1_407_cars_data JOIN car_names AS N1_407_car_names ON N1_407_car_names.makeid=N1_407_cars_data.id WHERE (N1_407_cars_data.year <= 1972 OR (N1_407_car_names.make LIKE '%-21%' OR N1_407_car_names.make IN ('plymouth volare custom','ford gran torino (sw)'))) GROUP BY N1_407_cars_data.year HAVING (COUNT(*) > 28 AND COUNT(*) < 35)
SELECT DISTINCT N1_408_cars_data.year, COUNT(N1_408_cars_data.id), COUNT(N1_408_car_names.make), COUNT(*) FROM cars_data AS N1_408_cars_data JOIN car_names AS N1_408_car_names ON N1_408_car_names.makeid=N1_408_cars_data.id WHERE (N1_408_cars_data.year <= 1972 OR (N1_408_car_names.make LIKE '%-21%' OR N1_408_car_names.make IN ('plymouth volare custom','ford gran torino (sw)'))) GROUP BY N1_408_cars_data.year
SELECT DISTINCT N1_409_continents.continent, COUNT(N1_409_continents.contid) FROM continents AS N1_409_continents WHERE N1_409_continents.continent LIKE '%ica' GROUP BY N1_409_continents.continent
SELECT DISTINCT N1_410_car_makers.id, N1_410_cars_data.id FROM cars_data AS N1_410_cars_data JOIN car_names AS N1_410_car_names ON N1_410_car_names.makeid=N1_410_cars_data.id JOIN model_list AS N1_410_model_list ON N1_410_model_list.model=N1_410_car_names.model JOIN car_makers AS N1_410_car_makers ON N1_410_car_makers.id=N1_410_model_list.maker WHERE (N1_410_car_makers.fullname != 'Ford Motor Company' AND N1_410_cars_data.weight != 4440)
SELECT DISTINCT N1_411_cars_data.year, MAX(N1_411_cars_data.accelerate) FROM cars_data AS N1_411_cars_data WHERE (N1_411_cars_data.year > 1973 AND N1_411_cars_data.weight > 2035) GROUP BY N1_411_cars_data.year
SELECT DISTINCT N1_412_model_list.modelid, N1_412_car_makers.country FROM car_makers AS N1_412_car_makers JOIN countries AS N1_412_countries ON N1_412_countries.countryid=N1_412_car_makers.country JOIN model_list AS N1_412_model_list ON N1_412_car_makers.id=N1_412_model_list.maker WHERE N1_412_countries.countryname = 'usa' ORDER BY N1_412_car_makers.country LIMIT 4
SELECT DISTINCT N1_413_cars_data.year, COUNT(*) FROM cars_data AS N1_413_cars_data WHERE (N1_413_cars_data.year > 1970 AND (N1_413_cars_data.mpg >= 20.5 AND N1_413_cars_data.mpg < 35.1)) GROUP BY N1_413_cars_data.year
SELECT DISTINCT * FROM cars_data AS N1_414_cars_data WHERE (N1_414_cars_data.weight < 3563 AND N1_414_cars_data.edispl > 122.0)
SELECT DISTINCT N1_415_car_makers.id FROM car_makers AS N1_415_car_makers WHERE N1_415_car_makers.fullname != 'Toyota'
SELECT DISTINCT N1_416_cars_data.cylinders, N1_416_model_list.modelid, N1_416_model_list.model FROM cars_data AS N1_416_cars_data JOIN car_names AS N1_416_car_names ON N1_416_car_names.makeid=N1_416_cars_data.id JOIN model_list AS N1_416_model_list ON N1_416_model_list.model=N1_416_car_names.model
SELECT DISTINCT N1_417_cars_data.id, N1_417_cars_data.accelerate FROM cars_data AS N1_417_cars_data JOIN car_names AS N1_417_car_names ON N1_417_car_names.makeid=N1_417_cars_data.id WHERE (N1_417_cars_data.accelerate <= 18.5 AND N1_417_car_names.make NOT IN ('ford pinto','datsun 510 (sw)','amc gremlin'))
SELECT DISTINCT N1_418_model_list.maker, N1_418_car_names.model, N1_418_model_list.modelid FROM cars_data AS N1_418_cars_data JOIN car_names AS N1_418_car_names ON N1_418_car_names.makeid=N1_418_cars_data.id JOIN model_list AS N1_418_model_list ON N1_418_model_list.model=N1_418_car_names.model WHERE ((N1_418_cars_data.accelerate != 15.5 AND N1_418_cars_data.mpg < 30.0) AND N1_418_cars_data.year < 1975)
SELECT DISTINCT N1_419_car_names.make, N1_419_car_names.makeid, N1_419_car_names.model FROM car_names AS N1_419_car_names WHERE N1_419_car_names.make IN ('dodge challenger se','pontiac catalina','dodge dart custom')
SELECT DISTINCT N1_420_car_names.makeid, N1_420_car_names.make FROM car_names AS N1_420_car_names ORDER BY N1_420_car_names.makeid LIMIT 4
SELECT DISTINCT N1_421_car_makers.id, N1_421_car_makers.maker, N1_421_car_makers.country FROM car_makers AS N1_421_car_makers WHERE N1_421_car_makers.fullname = 'Ford Motor Company'
SELECT DISTINCT COUNT(N1_422_continents.contid), COUNT(N1_422_continents.continent) FROM continents AS N1_422_continents WHERE N1_422_continents.continent = 'europe'
SELECT DISTINCT N1_423_car_makers.country, N1_423_car_makers.fullname, N1_423_model_list.modelid FROM car_makers AS N1_423_car_makers JOIN model_list AS N1_423_model_list ON N1_423_car_makers.id=N1_423_model_list.maker WHERE N1_423_car_makers.fullname IN ('Fiat','Daimler Benz','General Motors')
SELECT DISTINCT COUNT(N1_424_continents.contid) FROM continents AS N1_424_continents WHERE N1_424_continents.continent = 'america'
SELECT DISTINCT N1_425_car_names.model, N1_425_cars_data.accelerate FROM cars_data AS N1_425_cars_data JOIN car_names AS N1_425_car_names ON N1_425_car_names.makeid=N1_425_cars_data.id WHERE N1_425_cars_data.accelerate > 15.5
SELECT DISTINCT COUNT(N1_426_car_names.makeid), COUNT(N1_426_car_names.model) FROM car_names AS N1_426_car_names
SELECT DISTINCT COUNT(*) FROM continents AS N1_427_continents WHERE N1_427_continents.continent != 'america'
SELECT DISTINCT N1_428_cars_data.horsepower, N1_428_car_names.model, N1_428_car_names.makeid FROM cars_data AS N1_428_cars_data JOIN car_names AS N1_428_car_names ON N1_428_car_names.makeid=N1_428_cars_data.id WHERE ((N1_428_cars_data.cylinders >= 4 AND N1_428_cars_data.cylinders < 6) AND (N1_428_cars_data.accelerate > 16.8 AND N1_428_cars_data.accelerate < 19.0))
SELECT DISTINCT COUNT(N1_429_cars_data.id) FROM cars_data AS N1_429_cars_data WHERE N1_429_cars_data.year > 1973
SELECT DISTINCT * FROM continents AS N1_430_continents WHERE N1_430_continents.continent LIKE 'ame%'
SELECT DISTINCT COUNT(*) FROM continents AS N1_431_continents WHERE N1_431_continents.continent IN ('america','asia','europe')
SELECT DISTINCT N1_432_cars_data.year, MIN(N1_432_cars_data.mpg) FROM cars_data AS N1_432_cars_data WHERE ((N1_432_cars_data.year >= 1970 AND N1_432_cars_data.year < 1973) OR N1_432_cars_data.horsepower > 17.6) GROUP BY N1_432_cars_data.year ORDER BY N1_432_cars_data.year LIMIT 5
SELECT DISTINCT MAX(N1_433_cars_data.cylinders) FROM cars_data AS N1_433_cars_data JOIN car_names AS N1_433_car_names ON N1_433_car_names.makeid=N1_433_cars_data.id JOIN model_list AS N1_433_model_list ON N1_433_model_list.model=N1_433_car_names.model JOIN car_makers AS N1_433_car_makers ON N1_433_car_makers.id=N1_433_model_list.maker WHERE (N1_433_car_makers.fullname LIKE 'Fia%' AND N1_433_car_names.make = 'fiat 124b')
SELECT DISTINCT N1_434_countries.continent FROM countries AS N1_434_countries WHERE N1_434_countries.countryname LIKE 'ita%'
SELECT DISTINCT N1_435_cars_data.cylinders, N1_435_cars_data.year FROM cars_data AS N1_435_cars_data WHERE (N1_435_cars_data.cylinders < 8 OR N1_435_cars_data.year = 1972)
SELECT DISTINCT * FROM continents AS N1_436_continents WHERE N1_436_continents.continent = 'america'
SELECT DISTINCT N1_437_cars_data.year, COUNT(N1_437_cars_data.cylinders), SUM(N1_437_cars_data.edispl), MAX(N1_437_cars_data.cylinders) FROM cars_data AS N1_437_cars_data GROUP BY N1_437_cars_data.year
SELECT DISTINCT COUNT(N1_438_continents.continent) FROM continents AS N1_438_continents
SELECT DISTINCT N1_439_countries.continent FROM continents AS N1_439_continents JOIN countries AS N1_439_countries ON N1_439_continents.contid=N1_439_countries.continent WHERE N1_439_continents.continent IN ('america','asia','europe') ORDER BY N1_439_countries.continent
SELECT DISTINCT N1_440_continents.continent, COUNT(*) FROM continents AS N1_440_continents GROUP BY N1_440_continents.continent
SELECT DISTINCT N1_441_cars_data.year FROM cars_data AS N1_441_cars_data GROUP BY N1_441_cars_data.year HAVING (COUNT(*) >= 27 AND COUNT(*) < 29)
SELECT DISTINCT N1_442_cars_data.year, COUNT(*) FROM cars_data AS N1_442_cars_data GROUP BY N1_442_cars_data.year
SELECT DISTINCT N1_443_car_names.model, N1_443_car_names.make, N1_443_car_names.makeid FROM car_names AS N1_443_car_names WHERE N1_443_car_names.make = 'ford pinto'
SELECT DISTINCT COUNT(*) FROM continents AS N1_444_continents WHERE N1_444_continents.continent = 'america'
SELECT DISTINCT COUNT(*) FROM cars_data AS N1_445_cars_data WHERE N1_445_cars_data.weight > 3609
SELECT DISTINCT N1_446_cars_data.year, COUNT(*) FROM cars_data AS N1_446_cars_data WHERE (N1_446_cars_data.year > 1971 OR N1_446_cars_data.horsepower < 22.0) GROUP BY N1_446_cars_data.year ORDER BY COUNT(*)
SELECT DISTINCT N1_447_cars_data.year, COUNT(*) FROM cars_data AS N1_447_cars_data WHERE (N1_447_cars_data.year > 1971 OR N1_447_cars_data.horsepower < 22.0) GROUP BY N1_447_cars_data.year
SELECT DISTINCT N1_448_cars_data.mpg FROM cars_data AS N1_448_cars_data WHERE (N1_448_cars_data.horsepower < 25.0 AND N1_448_cars_data.mpg <= 20.0)
SELECT DISTINCT N1_449_cars_data.year, COUNT(N1_449_car_names.makeid) FROM cars_data AS N1_449_cars_data JOIN car_names AS N1_449_car_names ON N1_449_car_names.makeid=N1_449_cars_data.id WHERE ((N1_449_cars_data.year > 1971 AND N1_449_cars_data.weight != 2875) OR N1_449_cars_data.weight <= 2833) GROUP BY N1_449_cars_data.year
SELECT DISTINCT COUNT(N1_450_countries.continent), COUNT(N1_450_continents.contid), COUNT(N1_450_countries.countryname) FROM continents AS N1_450_continents JOIN countries AS N1_450_countries ON N1_450_continents.contid=N1_450_countries.continent
SELECT DISTINCT N1_451_cars_data.year, MIN(N1_451_cars_data.accelerate), AVG(N1_451_cars_data.accelerate) FROM cars_data AS N1_451_cars_data WHERE N1_451_cars_data.year >= 1971 GROUP BY N1_451_cars_data.year
SELECT DISTINCT SUM(N1_452_cars_data.horsepower) FROM cars_data AS N1_452_cars_data WHERE N1_452_cars_data.year != 1971
SELECT DISTINCT N1_453_countries.countryid FROM countries AS N1_453_countries WHERE N1_453_countries.countryname = 'usa'
SELECT DISTINCT N1_454_cars_data.year, MAX(N1_454_cars_data.mpg), MIN(N1_454_cars_data.accelerate), AVG(N1_454_cars_data.accelerate) FROM cars_data AS N1_454_cars_data WHERE N1_454_cars_data.mpg <= 25.0 GROUP BY N1_454_cars_data.year HAVING (COUNT(*) >= 15 AND COUNT(*) <= 37)
SELECT DISTINCT N1_455_cars_data.year, MAX(N1_455_cars_data.mpg), MIN(N1_455_cars_data.accelerate), AVG(N1_455_cars_data.accelerate), COUNT(*) FROM cars_data AS N1_455_cars_data WHERE N1_455_cars_data.mpg <= 25.0 GROUP BY N1_455_cars_data.year
SELECT DISTINCT COUNT(N1_456_cars_data.cylinders) FROM cars_data AS N1_456_cars_data WHERE (N1_456_cars_data.horsepower = 19.0 OR N1_456_cars_data.cylinders < 4)
SELECT DISTINCT COUNT(N1_457_car_makers.fullname) FROM car_makers AS N1_457_car_makers
SELECT DISTINCT N1_458_cars_data.id FROM cars_data AS N1_458_cars_data WHERE (N1_458_cars_data.edispl < 88.0 AND (N1_458_cars_data.accelerate < 22.2 AND (N1_458_cars_data.weight > 1755 AND N1_458_cars_data.weight <= 2020)))
SELECT DISTINCT N1_459_cars_data.year, MIN(N1_459_cars_data.mpg) FROM cars_data AS N1_459_cars_data WHERE (N1_459_cars_data.cylinders = 4 OR (N1_459_cars_data.accelerate >= 12.0 AND N1_459_cars_data.accelerate <= 15.5)) GROUP BY N1_459_cars_data.year
SELECT DISTINCT N1_460_continents.continent, COUNT(N1_460_continents.contid) FROM continents AS N1_460_continents GROUP BY N1_460_continents.continent ORDER BY N1_460_continents.continent
SELECT DISTINCT COUNT(N1_461_car_names.makeid), COUNT(N1_461_car_names.model) FROM car_names AS N1_461_car_names WHERE N1_461_car_names.make = 'ford pinto'
SELECT DISTINCT N1_462_continents.contid FROM continents AS N1_462_continents
SELECT DISTINCT N1_463_car_makers.id, N1_463_countries.continent, N1_463_car_makers.maker FROM car_makers AS N1_463_car_makers JOIN countries AS N1_463_countries ON N1_463_countries.countryid=N1_463_car_makers.country WHERE N1_463_car_makers.maker = 'chrysler' ORDER BY N1_463_car_makers.maker LIMIT 5
SELECT DISTINCT N1_464_car_makers.fullname FROM car_makers AS N1_464_car_makers WHERE N1_464_car_makers.fullname LIKE '%ler' ORDER BY N1_464_car_makers.fullname LIMIT 5
SELECT DISTINCT * FROM cars_data AS N1_465_cars_data JOIN car_names AS N1_465_car_names ON N1_465_car_names.makeid=N1_465_cars_data.id JOIN model_list AS N1_465_model_list ON N1_465_model_list.model=N1_465_car_names.model JOIN car_makers AS N1_465_car_makers ON N1_465_car_makers.id=N1_465_model_list.maker WHERE ((N1_465_cars_data.mpg = 15.0 AND N1_465_car_makers.fullname NOT IN ('American Motor Company','General Motors','Chrysler')) AND N1_465_car_names.make = 'ford maverick')
SELECT DISTINCT N1_466_car_names.model FROM cars_data AS N1_466_cars_data JOIN car_names AS N1_466_car_names ON N1_466_car_names.makeid=N1_466_cars_data.id WHERE N1_466_cars_data.horsepower >= 15.0 ORDER BY N1_466_car_names.model LIMIT 2
SELECT DISTINCT N1_467_car_makers.country, N1_467_car_makers.id, N1_467_car_makers.maker FROM car_makers AS N1_467_car_makers WHERE N1_467_car_makers.maker = 'ford'
SELECT DISTINCT COUNT(N1_468_countries.continent), COUNT(N1_468_countries.countryid) FROM countries AS N1_468_countries
SELECT DISTINCT COUNT(N1_469_model_list.maker) FROM car_names AS N1_469_car_names JOIN model_list AS N1_469_model_list ON N1_469_model_list.model=N1_469_car_names.model WHERE N1_469_car_names.make LIKE '%ord'
SELECT DISTINCT * FROM car_names AS N1_470_car_names WHERE N1_470_car_names.make = 'toyota corolla'
SELECT DISTINCT * FROM car_makers AS N1_471_car_makers JOIN model_list AS N1_471_model_list ON N1_471_car_makers.id=N1_471_model_list.maker JOIN car_names AS N1_471_car_names ON N1_471_model_list.model=N1_471_car_names.model WHERE (N1_471_car_names.make NOT IN ('dodge challenger se','chevrolet concours') AND N1_471_car_makers.fullname = 'Ford Motor Company')
SELECT DISTINCT N1_472_countries.countryid, N1_472_countries.continent, N1_472_countries.countryname FROM countries AS N1_472_countries WHERE N1_472_countries.countryname != 'japan'
SELECT DISTINCT * FROM car_makers AS N1_473_car_makers WHERE N1_473_car_makers.maker = 'fiat'
SELECT DISTINCT N1_474_countries.countryid, N1_474_countries.countryname FROM countries AS N1_474_countries
SELECT DISTINCT MAX(N1_475_cars_data.year), MIN(N1_475_cars_data.year) FROM cars_data AS N1_475_cars_data JOIN car_names AS N1_475_car_names ON N1_475_car_names.makeid=N1_475_cars_data.id JOIN model_list AS N1_475_model_list ON N1_475_model_list.model=N1_475_car_names.model JOIN car_makers AS N1_475_car_makers ON N1_475_car_makers.id=N1_475_model_list.maker JOIN countries AS N1_475_countries ON N1_475_countries.countryid=N1_475_car_makers.country WHERE (N1_475_countries.countryname IN ('usa','japan') OR N1_475_countries.countryname IN ('sweden','italy','new zealand'))
SELECT DISTINCT N1_476_car_makers.country FROM car_makers AS N1_476_car_makers WHERE N1_476_car_makers.maker LIKE '%gm'
SELECT DISTINCT COUNT(N1_477_car_makers.maker), SUM(N1_477_cars_data.weight), COUNT(N1_477_model_list.maker) FROM cars_data AS N1_477_cars_data JOIN car_names AS N1_477_car_names ON N1_477_car_names.makeid=N1_477_cars_data.id JOIN model_list AS N1_477_model_list ON N1_477_model_list.model=N1_477_car_names.model JOIN car_makers AS N1_477_car_makers ON N1_477_car_makers.id=N1_477_model_list.maker WHERE (N1_477_cars_data.weight < 2310 AND N1_477_car_makers.maker IN ('gm','chrysler','volkswagen'))
SELECT DISTINCT N1_478_cars_data.cylinders, N1_478_car_names.makeid, N1_478_cars_data.year FROM cars_data AS N1_478_cars_data JOIN car_names AS N1_478_car_names ON N1_478_car_names.makeid=N1_478_cars_data.id
SELECT DISTINCT N1_479_car_names.makeid, N1_479_car_names.make FROM car_names AS N1_479_car_names
SELECT DISTINCT N1_480_continents.continent FROM continents AS N1_480_continents WHERE N1_480_continents.continent LIKE '%ope'
SELECT DISTINCT COUNT(N1_481_cars_data.mpg) FROM cars_data AS N1_481_cars_data WHERE N1_481_cars_data.cylinders < 4
SELECT DISTINCT N1_482_cars_data.weight, N1_482_model_list.model, N1_482_model_list.modelid FROM cars_data AS N1_482_cars_data JOIN car_names AS N1_482_car_names ON N1_482_car_names.makeid=N1_482_cars_data.id JOIN model_list AS N1_482_model_list ON N1_482_model_list.model=N1_482_car_names.model WHERE (N1_482_cars_data.weight > 2310 OR N1_482_car_names.make = 'honda accord') ORDER BY N1_482_model_list.model
SELECT DISTINCT N1_483_cars_data.year, AVG(N1_483_cars_data.accelerate), MAX(N1_483_cars_data.accelerate), SUM(N1_483_cars_data.accelerate) FROM cars_data AS N1_483_cars_data WHERE N1_483_cars_data.accelerate != 18.5 GROUP BY N1_483_cars_data.year
SELECT DISTINCT COUNT(*) FROM cars_data AS N1_484_cars_data WHERE (N1_484_cars_data.cylinders <= 4 OR (N1_484_cars_data.weight >= 2833 AND N1_484_cars_data.weight < 2990))
SELECT DISTINCT N1_485_countries.countryname, N1_485_countries.continent, N1_485_continents.continent FROM continents AS N1_485_continents JOIN countries AS N1_485_countries ON N1_485_continents.contid=N1_485_countries.continent WHERE (N1_485_continents.continent != 'asia' AND N1_485_countries.countryname NOT LIKE '%usa%')
SELECT DISTINCT N1_486_car_names.model FROM cars_data AS N1_486_cars_data JOIN car_names AS N1_486_car_names ON N1_486_car_names.makeid=N1_486_cars_data.id JOIN model_list AS N1_486_model_list ON N1_486_model_list.model=N1_486_car_names.model JOIN car_makers AS N1_486_car_makers ON N1_486_car_makers.id=N1_486_model_list.maker WHERE ((N1_486_cars_data.horsepower > 15.0 AND N1_486_cars_data.horsepower <= 28.0) AND (N1_486_cars_data.cylinders <= 4 AND N1_486_car_makers.maker NOT LIKE 'vol%')) ORDER BY N1_486_car_names.model LIMIT 3
SELECT DISTINCT N1_487_cars_data.accelerate, N1_487_model_list.model FROM cars_data AS N1_487_cars_data JOIN car_names AS N1_487_car_names ON N1_487_car_names.makeid=N1_487_cars_data.id JOIN model_list AS N1_487_model_list ON N1_487_model_list.model=N1_487_car_names.model WHERE ((N1_487_cars_data.mpg >= 17.6 AND N1_487_cars_data.mpg <= 25.0) AND N1_487_cars_data.accelerate < 18.2)
SELECT DISTINCT N1_488_countries.continent FROM countries AS N1_488_countries WHERE N1_488_countries.countryname LIKE 'usa%'
SELECT DISTINCT * FROM continents AS N1_489_continents WHERE N1_489_continents.continent = 'asia'
SELECT DISTINCT N1_490_continents.contid, N1_490_continents.continent FROM continents AS N1_490_continents WHERE N1_490_continents.continent IN ('america','asia','europe')
SELECT DISTINCT N1_491_car_names.make, N1_491_car_names.makeid FROM car_names AS N1_491_car_names WHERE N1_491_car_names.make = 'ford pinto' ORDER BY N1_491_car_names.makeid
SELECT DISTINCT N1_492_countries.countryid, N1_492_countries.countryname FROM countries AS N1_492_countries WHERE N1_492_countries.countryname = 'usa'
SELECT DISTINCT N1_493_countries.countryid, N1_493_countries.continent FROM countries AS N1_493_countries WHERE N1_493_countries.countryname = 'japan'
SELECT DISTINCT N1_494_countries.countryname, N1_494_countries.continent, N1_494_countries.countryid FROM countries AS N1_494_countries WHERE N1_494_countries.countryname NOT IN ('italy','japan') ORDER BY N1_494_countries.continent
SELECT DISTINCT N1_495_countries.continent, N1_495_countries.countryname, N1_495_countries.countryid FROM countries AS N1_495_countries WHERE N1_495_countries.countryname = 'japan'
SELECT DISTINCT COUNT(N1_496_countries.countryid) FROM car_makers AS N1_496_car_makers JOIN countries AS N1_496_countries ON N1_496_countries.countryid=N1_496_car_makers.country WHERE ((N1_496_car_makers.fullname LIKE 'Fia%' OR N1_496_car_makers.fullname IN ('Toyota','American Motor Company','Ford Motor Company')) OR N1_496_car_makers.fullname LIKE '%ler')
SELECT DISTINCT N1_497_cars_data.id, N1_497_cars_data.edispl, N1_497_cars_data.weight FROM cars_data AS N1_497_cars_data WHERE N1_497_cars_data.edispl <= 88.0
SELECT DISTINCT N1_498_model_list.model, N1_498_car_names.make, N1_498_car_names.makeid FROM car_names AS N1_498_car_names JOIN model_list AS N1_498_model_list ON N1_498_model_list.model=N1_498_car_names.model WHERE N1_498_car_names.make = 'dodge challenger se'
SELECT DISTINCT N1_499_cars_data.id, N1_499_cars_data.horsepower, N1_499_cars_data.cylinders FROM cars_data AS N1_499_cars_data
SELECT DISTINCT COUNT(N1_500_countries.continent), COUNT(N1_500_countries.countryid) FROM countries AS N1_500_countries
SELECT DISTINCT * FROM car_names AS N1_501_car_names WHERE N1_501_car_names.make IN ('plymouth cuda 340','toyota corona hardtop','citroen ds-21 pallas')
SELECT DISTINCT N1_502_continents.contid, N1_502_countries.continent FROM continents AS N1_502_continents JOIN countries AS N1_502_countries ON N1_502_continents.contid=N1_502_countries.continent WHERE N1_502_countries.countryname LIKE '%usa%'
SELECT DISTINCT N1_503_car_names.model, N1_503_model_list.model, N1_503_model_list.maker FROM car_names AS N1_503_car_names JOIN model_list AS N1_503_model_list ON N1_503_model_list.model=N1_503_car_names.model
SELECT DISTINCT COUNT(*) FROM countries AS N1_504_countries WHERE N1_504_countries.countryname = 'usa'
SELECT DISTINCT N1_505_model_list.model FROM car_makers AS N1_505_car_makers JOIN model_list AS N1_505_model_list ON N1_505_car_makers.id=N1_505_model_list.maker WHERE N1_505_car_makers.maker LIKE '%amc%'
SELECT DISTINCT COUNT(N1_506_continents.contid), COUNT(N1_506_continents.continent) FROM continents AS N1_506_continents WHERE N1_506_continents.continent NOT IN ('america','europe')
SELECT DISTINCT COUNT(N1_507_countries.countryid), COUNT(N1_507_countries.continent) FROM countries AS N1_507_countries WHERE N1_507_countries.countryname IN ('usa','germany')
SELECT DISTINCT N1_508_continents.continent FROM continents AS N1_508_continents WHERE N1_508_continents.continent = 'europe'
SELECT DISTINCT N1_509_countries.countryid, N1_509_car_makers.fullname FROM car_makers AS N1_509_car_makers JOIN countries AS N1_509_countries ON N1_509_countries.countryid=N1_509_car_makers.country WHERE (N1_509_countries.countryname = 'japan' AND N1_509_car_makers.fullname = 'Nissan Motors')
SELECT DISTINCT N1_510_continents.continent, COUNT(N1_510_car_makers.fullname), COUNT(N1_510_continents.contid) FROM car_makers AS N1_510_car_makers JOIN countries AS N1_510_countries ON N1_510_countries.countryid=N1_510_car_makers.country JOIN continents AS N1_510_continents ON N1_510_continents.contid=N1_510_countries.continent WHERE (N1_510_continents.continent = 'america' OR N1_510_continents.continent LIKE 'asi%') GROUP BY N1_510_continents.continent
SELECT DISTINCT N1_511_continents.contid, N1_511_continents.continent FROM continents AS N1_511_continents WHERE N1_511_continents.continent LIKE 'ame%'
SELECT DISTINCT * FROM cars_data AS N1_512_cars_data JOIN car_names AS N1_512_car_names ON N1_512_car_names.makeid=N1_512_cars_data.id WHERE (N1_512_car_names.make IN ('ford pinto','peugeot 304') AND N1_512_cars_data.edispl > 98.0)
SELECT DISTINCT N1_513_continents.continent FROM continents AS N1_513_continents JOIN countries AS N1_513_countries ON N1_513_continents.contid=N1_513_countries.continent WHERE N1_513_countries.countryname = 'usa'
SELECT DISTINCT N1_514_countries.countryid FROM countries AS N1_514_countries WHERE N1_514_countries.countryname IN ('italy','usa')
SELECT DISTINCT N1_515_continents.continent, N1_515_continents.contid, N1_515_countries.countryid FROM continents AS N1_515_continents JOIN countries AS N1_515_countries ON N1_515_continents.contid=N1_515_countries.continent WHERE N1_515_continents.continent NOT LIKE '%ope'
SELECT DISTINCT N1_516_countries.countryid, N1_516_countries.continent, N1_516_countries.countryname FROM countries AS N1_516_countries WHERE N1_516_countries.countryname = 'usa'
SELECT DISTINCT COUNT(*) FROM car_names AS N1_517_car_names WHERE N1_517_car_names.make != 'amc matador (sw)'
SELECT DISTINCT N1_518_car_names.model FROM car_names AS N1_518_car_names WHERE N1_518_car_names.make = 'ford pinto'
SELECT DISTINCT N1_519_cars_data.id FROM cars_data AS N1_519_cars_data WHERE (N1_519_cars_data.cylinders <= 4 AND N1_519_cars_data.accelerate <= 16.5)
SELECT DISTINCT N1_520_continents.contid, N1_520_continents.continent FROM continents AS N1_520_continents WHERE N1_520_continents.continent = 'america'
SELECT DISTINCT * FROM car_names AS N1_521_car_names WHERE N1_521_car_names.make = 'fiat 124b'
SELECT DISTINCT * FROM continents AS N1_522_continents WHERE N1_522_continents.continent IN ('america','europe','asia')
SELECT DISTINCT N1_523_car_names.makeid, N1_523_cars_data.year, N1_523_cars_data.edispl FROM cars_data AS N1_523_cars_data JOIN car_names AS N1_523_car_names ON N1_523_car_names.makeid=N1_523_cars_data.id WHERE (N1_523_cars_data.year > 1973 AND N1_523_cars_data.edispl = 112.0) ORDER BY N1_523_cars_data.edispl
SELECT DISTINCT N1_524_cars_data.year, COUNT(*) FROM cars_data AS N1_524_cars_data WHERE (N1_524_cars_data.cylinders = 4 AND N1_524_cars_data.year > 1979) GROUP BY N1_524_cars_data.year
SELECT DISTINCT COUNT(*) FROM continents AS N1_525_continents JOIN countries AS N1_525_countries ON N1_525_continents.contid=N1_525_countries.continent WHERE (N1_525_countries.countryname NOT LIKE '%usa%' AND N1_525_continents.continent NOT IN ('europe','asia','africa'))
SELECT DISTINCT N1_526_continents.contid, N1_526_model_list.modelid, N1_526_car_names.makeid FROM continents AS N1_526_continents JOIN countries AS N1_526_countries ON N1_526_continents.contid=N1_526_countries.continent JOIN car_makers AS N1_526_car_makers ON N1_526_countries.countryid=N1_526_car_makers.country JOIN model_list AS N1_526_model_list ON N1_526_car_makers.id=N1_526_model_list.maker JOIN car_names AS N1_526_car_names ON N1_526_model_list.model=N1_526_car_names.model WHERE N1_526_countries.countryname IN ('usa','japan')
SELECT DISTINCT MAX(N1_527_cars_data.horsepower) FROM cars_data AS N1_527_cars_data JOIN car_names AS N1_527_car_names ON N1_527_car_names.makeid=N1_527_cars_data.id JOIN model_list AS N1_527_model_list ON N1_527_model_list.model=N1_527_car_names.model JOIN car_makers AS N1_527_car_makers ON N1_527_car_makers.id=N1_527_model_list.maker JOIN countries AS N1_527_countries ON N1_527_countries.countryid=N1_527_car_makers.country WHERE N1_527_countries.countryname IN ('japan','usa','germany')
SELECT DISTINCT N1_528_model_list.modelid, N1_528_model_list.model FROM car_makers AS N1_528_car_makers JOIN model_list AS N1_528_model_list ON N1_528_car_makers.id=N1_528_model_list.maker WHERE N1_528_car_makers.maker NOT IN ('toyota','gm','chrysler')
SELECT DISTINCT N1_529_cars_data.year, COUNT(*) FROM cars_data AS N1_529_cars_data WHERE (N1_529_cars_data.weight >= 2155 AND ((N1_529_cars_data.horsepower >= 21.6 AND N1_529_cars_data.horsepower <= 30.9) AND N1_529_cars_data.year > 1976)) GROUP BY N1_529_cars_data.year HAVING COUNT(*) >= 9 ORDER BY N1_529_cars_data.year, COUNT(*)
SELECT DISTINCT N1_530_cars_data.year, COUNT(*) FROM cars_data AS N1_530_cars_data WHERE (N1_530_cars_data.weight >= 2155 AND ((N1_530_cars_data.horsepower >= 21.6 AND N1_530_cars_data.horsepower <= 30.9) AND N1_530_cars_data.year > 1976)) GROUP BY N1_530_cars_data.year
SELECT DISTINCT N1_531_car_makers.maker, N1_531_countries.continent, N1_531_car_makers.id FROM car_makers AS N1_531_car_makers JOIN countries AS N1_531_countries ON N1_531_countries.countryid=N1_531_car_makers.country
SELECT DISTINCT N1_532_model_list.maker FROM model_list AS N1_532_model_list
SELECT DISTINCT N1_533_cars_data.year, AVG(N1_533_cars_data.edispl), MIN(N1_533_cars_data.mpg) FROM cars_data AS N1_533_cars_data WHERE N1_533_cars_data.mpg < 19.0 GROUP BY N1_533_cars_data.year
SELECT DISTINCT N1_534_countries.continent FROM countries AS N1_534_countries WHERE N1_534_countries.countryname = 'usa'
SELECT DISTINCT N1_535_car_names.make, N1_535_car_names.makeid FROM car_names AS N1_535_car_names WHERE N1_535_car_names.make LIKE '%nto'
SELECT DISTINCT N1_536_continents.continent, COUNT(N1_536_countries.countryid) FROM continents AS N1_536_continents JOIN countries AS N1_536_countries ON N1_536_continents.contid=N1_536_countries.continent WHERE (N1_536_countries.countryname != 'japan' AND N1_536_continents.continent IN ('america','europe')) GROUP BY N1_536_continents.continent
SELECT DISTINCT N1_537_model_list.maker, N1_537_car_names.model, N1_537_model_list.modelid FROM car_names AS N1_537_car_names JOIN model_list AS N1_537_model_list ON N1_537_model_list.model=N1_537_car_names.model WHERE N1_537_car_names.make LIKE '%oyo%'
SELECT DISTINCT N1_538_countries.continent, N1_538_countries.countryid FROM car_makers AS N1_538_car_makers JOIN countries AS N1_538_countries ON N1_538_countries.countryid=N1_538_car_makers.country WHERE N1_538_car_makers.fullname IN ('Fiat','Toyota') ORDER BY N1_538_countries.countryid
SELECT DISTINCT N1_539_car_names.makeid, N1_539_cars_data.horsepower FROM cars_data AS N1_539_cars_data JOIN car_names AS N1_539_car_names ON N1_539_car_names.makeid=N1_539_cars_data.id WHERE (N1_539_cars_data.edispl <= 113.0 AND (N1_539_cars_data.horsepower >= 28.0 AND N1_539_cars_data.horsepower < 29.0))
SELECT DISTINCT N1_540_countries.countryname, N1_540_countries.countryid, N1_540_countries.continent FROM countries AS N1_540_countries ORDER BY N1_540_countries.continent LIMIT 5
SELECT DISTINCT * FROM car_makers AS N1_541_car_makers WHERE N1_541_car_makers.maker NOT LIKE '%ler'
SELECT DISTINCT N1_542_countries.countryname, N1_542_countries.continent FROM countries AS N1_542_countries WHERE N1_542_countries.countryname IN ('japan','germany','usa')
SELECT DISTINCT N1_543_car_makers.fullname, N1_543_car_makers.id, N1_543_countries.continent FROM car_makers AS N1_543_car_makers JOIN countries AS N1_543_countries ON N1_543_countries.countryid=N1_543_car_makers.country WHERE N1_543_car_makers.fullname NOT LIKE '%ota' ORDER BY N1_543_car_makers.id LIMIT 4
SELECT DISTINCT N1_544_cars_data.horsepower FROM cars_data AS N1_544_cars_data
SELECT DISTINCT * FROM car_makers AS N1_545_car_makers WHERE N1_545_car_makers.fullname = 'Toyota'
SELECT DISTINCT N1_546_car_names.model FROM car_names AS N1_546_car_names WHERE N1_546_car_names.make = 'ford pinto' ORDER BY N1_546_car_names.model
SELECT DISTINCT N1_547_continents.contid, N1_547_continents.continent FROM continents AS N1_547_continents WHERE N1_547_continents.continent = 'asia'
SELECT DISTINCT N1_548_car_makers.fullname, N1_548_car_makers.country, N1_548_car_makers.id FROM car_makers AS N1_548_car_makers WHERE N1_548_car_makers.fullname = 'Toyota'
SELECT DISTINCT N1_549_cars_data.mpg FROM cars_data AS N1_549_cars_data WHERE (N1_549_cars_data.weight = 2774 OR N1_549_cars_data.mpg > 27.2)
SELECT DISTINCT COUNT(N1_550_car_makers.id) FROM car_makers AS N1_550_car_makers WHERE N1_550_car_makers.maker NOT IN ('fiat','chrysler')
SELECT DISTINCT COUNT(N1_551_countries.countryname) FROM countries AS N1_551_countries WHERE N1_551_countries.countryname LIKE '%usa%'
SELECT DISTINCT N1_552_cars_data.weight FROM cars_data AS N1_552_cars_data WHERE (N1_552_cars_data.weight > 2310 AND N1_552_cars_data.horsepower < 24.0)
SELECT DISTINCT N1_553_cars_data.mpg FROM cars_data AS N1_553_cars_data WHERE (N1_553_cars_data.mpg > 15.0 OR N1_553_cars_data.year != 1972)
SELECT DISTINCT N1_554_continents.continent, COUNT(N1_554_countries.countryid), COUNT(N1_554_countries.countryname) FROM continents AS N1_554_continents JOIN countries AS N1_554_countries ON N1_554_continents.contid=N1_554_countries.continent WHERE (N1_554_continents.continent != 'america' OR N1_554_countries.countryname = 'usa') GROUP BY N1_554_continents.continent
SELECT DISTINCT SUM(N1_555_cars_data.mpg), SUM(N1_555_cars_data.accelerate) FROM cars_data AS N1_555_cars_data WHERE (N1_555_cars_data.accelerate <= 14.0 OR (N1_555_cars_data.accelerate != 18.5 AND N1_555_cars_data.edispl <= 120.0))
SELECT DISTINCT N1_556_model_list.maker FROM cars_data AS N1_556_cars_data JOIN car_names AS N1_556_car_names ON N1_556_car_names.makeid=N1_556_cars_data.id JOIN model_list AS N1_556_model_list ON N1_556_model_list.model=N1_556_car_names.model JOIN car_makers AS N1_556_car_makers ON N1_556_car_makers.id=N1_556_model_list.maker WHERE ((N1_556_cars_data.weight <= 2774 AND N1_556_car_makers.maker LIKE 'maz%') AND N1_556_car_names.make != 'mazda rx2 coupe') ORDER BY N1_556_model_list.maker LIMIT 3
SELECT DISTINCT COUNT(N1_557_car_names.make), COUNT(N1_557_car_names.makeid) FROM car_names AS N1_557_car_names WHERE N1_557_car_names.make != 'amc matador (sw)'
SELECT DISTINCT N1_558_continents.continent, N1_558_countries.continent, N1_558_continents.contid FROM continents AS N1_558_continents JOIN countries AS N1_558_countries ON N1_558_continents.contid=N1_558_countries.continent WHERE N1_558_continents.continent = 'america' ORDER BY N1_558_continents.contid
SELECT DISTINCT N1_559_car_names.makeid, N1_559_car_names.model FROM car_names AS N1_559_car_names WHERE N1_559_car_names.make LIKE '%net'
SELECT DISTINCT N1_560_continents.contid, N1_560_continents.continent FROM continents AS N1_560_continents WHERE N1_560_continents.continent LIKE '%mer%'
SELECT DISTINCT * FROM countries AS N1_561_countries WHERE N1_561_countries.countryname = 'usa'
SELECT DISTINCT N1_562_car_makers.maker, N1_562_model_list.modelid FROM car_makers AS N1_562_car_makers JOIN model_list AS N1_562_model_list ON N1_562_car_makers.id=N1_562_model_list.maker WHERE N1_562_car_makers.fullname = 'Chrysler'
SELECT DISTINCT N1_563_continents.continent, N1_563_countries.countryid FROM continents AS N1_563_continents JOIN countries AS N1_563_countries ON N1_563_continents.contid=N1_563_countries.continent WHERE N1_563_continents.continent != 'asia'
SELECT DISTINCT * FROM cars_data AS N1_564_cars_data JOIN car_names AS N1_564_car_names ON N1_564_car_names.makeid=N1_564_cars_data.id JOIN model_list AS N1_564_model_list ON N1_564_model_list.model=N1_564_car_names.model JOIN car_makers AS N1_564_car_makers ON N1_564_car_makers.id=N1_564_model_list.maker WHERE (N1_564_car_makers.fullname = 'Ford Motor Company' OR (N1_564_car_makers.fullname IN ('American Motor Company','Peugeaut') OR N1_564_cars_data.accelerate <= 16.5))
SELECT DISTINCT N1_565_continents.contid, N1_565_continents.continent, N1_565_countries.countryid FROM continents AS N1_565_continents JOIN countries AS N1_565_countries ON N1_565_continents.contid=N1_565_countries.continent WHERE N1_565_continents.continent = 'america'
SELECT DISTINCT N1_566_countries.continent, N1_566_continents.contid FROM continents AS N1_566_continents JOIN countries AS N1_566_countries ON N1_566_continents.contid=N1_566_countries.continent WHERE N1_566_countries.countryname = 'usa'
SELECT DISTINCT N1_567_continents.continent, COUNT(N1_567_car_makers.fullname) FROM continents AS N1_567_continents JOIN countries AS N1_567_countries ON N1_567_continents.contid=N1_567_countries.continent JOIN car_makers AS N1_567_car_makers ON N1_567_countries.countryid=N1_567_car_makers.country WHERE N1_567_countries.countryname NOT LIKE '%jap%' GROUP BY N1_567_continents.continent
SELECT DISTINCT N1_568_cars_data.year, COUNT(*) FROM cars_data AS N1_568_cars_data WHERE (N1_568_cars_data.year != 1971 AND N1_568_cars_data.mpg > 20.0) GROUP BY N1_568_cars_data.year HAVING COUNT(*) >= 28 ORDER BY COUNT(*)
SELECT DISTINCT N1_569_cars_data.year, COUNT(*) FROM cars_data AS N1_569_cars_data WHERE (N1_569_cars_data.year != 1971 AND N1_569_cars_data.mpg > 20.0) GROUP BY N1_569_cars_data.year
SELECT DISTINCT N1_570_continents.continent, COUNT(*) FROM continents AS N1_570_continents GROUP BY N1_570_continents.continent ORDER BY COUNT(*) LIMIT 2
SELECT DISTINCT N1_571_continents.continent, COUNT(*) FROM continents AS N1_571_continents GROUP BY N1_571_continents.continent
SELECT DISTINCT N1_572_car_makers.id, N1_572_countries.countryid FROM car_makers AS N1_572_car_makers JOIN countries AS N1_572_countries ON N1_572_countries.countryid=N1_572_car_makers.country
SELECT DISTINCT COUNT(N1_573_car_makers.maker) FROM car_makers AS N1_573_car_makers WHERE N1_573_car_makers.maker = 'chrysler'
SELECT DISTINCT N1_574_car_names.makeid, N1_574_model_list.maker, N1_574_model_list.modelid FROM car_names AS N1_574_car_names JOIN model_list AS N1_574_model_list ON N1_574_model_list.model=N1_574_car_names.model WHERE N1_574_car_names.make IN ('ford pinto','amc ambassador brougham','mazda glc deluxe')
SELECT DISTINCT N1_575_car_makers.country, N1_575_car_makers.maker, N1_575_car_makers.id FROM car_makers AS N1_575_car_makers WHERE N1_575_car_makers.maker = 'amc'
SELECT DISTINCT N1_576_cars_data.year FROM cars_data AS N1_576_cars_data WHERE N1_576_cars_data.accelerate > 14.5 GROUP BY N1_576_cars_data.year HAVING COUNT(*) > 25 ORDER BY N1_576_cars_data.year LIMIT 2
SELECT DISTINCT N1_577_cars_data.year, COUNT(*) FROM cars_data AS N1_577_cars_data WHERE N1_577_cars_data.accelerate > 14.5 GROUP BY N1_577_cars_data.year
SELECT DISTINCT N1_578_car_names.make FROM countries AS N1_578_countries JOIN car_makers AS N1_578_car_makers ON N1_578_countries.countryid=N1_578_car_makers.country JOIN model_list AS N1_578_model_list ON N1_578_car_makers.id=N1_578_model_list.maker JOIN car_names AS N1_578_car_names ON N1_578_model_list.model=N1_578_car_names.model WHERE (N1_578_countries.countryname LIKE '%usa' AND N1_578_car_names.make = 'amc rebel sst')
SELECT DISTINCT N1_579_continents.continent, N1_579_continents.contid FROM continents AS N1_579_continents WHERE N1_579_continents.continent NOT IN ('america','asia','europe')
SELECT DISTINCT N1_580_countries.countryid, N1_580_continents.contid FROM continents AS N1_580_continents JOIN countries AS N1_580_countries ON N1_580_continents.contid=N1_580_countries.continent WHERE N1_580_continents.continent NOT LIKE '%sia'
SELECT DISTINCT N1_581_model_list.maker, N1_581_car_makers.id FROM car_makers AS N1_581_car_makers JOIN model_list AS N1_581_model_list ON N1_581_car_makers.id=N1_581_model_list.maker WHERE N1_581_car_makers.fullname NOT LIKE '%omp%'
SELECT DISTINCT * FROM cars_data AS N1_582_cars_data WHERE N1_582_cars_data.weight != 2155
SELECT DISTINCT * FROM car_makers AS N1_583_car_makers WHERE (N1_583_car_makers.fullname NOT IN ('Ford Motor Company','Nissan Motors') AND N1_583_car_makers.maker = 'gm')
SELECT DISTINCT N1_584_continents.continent, COUNT(N1_584_countries.countryname), COUNT(N1_584_countries.countryid) FROM continents AS N1_584_continents JOIN countries AS N1_584_countries ON N1_584_continents.contid=N1_584_countries.continent GROUP BY N1_584_continents.continent
SELECT DISTINCT N1_585_continents.continent, COUNT(N1_585_continents.contid) FROM continents AS N1_585_continents WHERE N1_585_continents.continent != 'america' GROUP BY N1_585_continents.continent
SELECT DISTINCT * FROM car_makers AS N1_586_car_makers WHERE N1_586_car_makers.fullname = 'Chrysler'
SELECT DISTINCT N1_587_car_makers.maker, N1_587_car_makers.country FROM car_makers AS N1_587_car_makers WHERE N1_587_car_makers.maker != 'fiat' ORDER BY N1_587_car_makers.country
SELECT DISTINCT N1_588_continents.contid, N1_588_continents.continent FROM continents AS N1_588_continents WHERE N1_588_continents.continent NOT IN ('europe','america') ORDER BY N1_588_continents.continent
SELECT DISTINCT N1_589_model_list.maker, N1_589_cars_data.id, N1_589_car_names.makeid FROM cars_data AS N1_589_cars_data JOIN car_names AS N1_589_car_names ON N1_589_car_names.makeid=N1_589_cars_data.id JOIN model_list AS N1_589_model_list ON N1_589_model_list.model=N1_589_car_names.model WHERE N1_589_cars_data.year <= 1973
SELECT DISTINCT * FROM continents AS N1_590_continents WHERE N1_590_continents.continent LIKE '%ica'
SELECT DISTINCT N1_591_cars_data.year, COUNT(*) FROM cars_data AS N1_591_cars_data GROUP BY N1_591_cars_data.year HAVING COUNT(*) > 30
SELECT DISTINCT N1_592_cars_data.year, COUNT(*) FROM cars_data AS N1_592_cars_data GROUP BY N1_592_cars_data.year
SELECT DISTINCT N1_593_countries.countryid, N1_593_countries.countryname, N1_593_countries.continent FROM countries AS N1_593_countries WHERE N1_593_countries.countryname IN ('usa','japan') ORDER BY N1_593_countries.continent LIMIT 3
SELECT DISTINCT N1_594_car_names.makeid FROM car_names AS N1_594_car_names WHERE N1_594_car_names.make = 'toyota corolla'
SELECT DISTINCT SUM(N1_595_cars_data.year) FROM cars_data AS N1_595_cars_data JOIN car_names AS N1_595_car_names ON N1_595_car_names.makeid=N1_595_cars_data.id JOIN model_list AS N1_595_model_list ON N1_595_model_list.model=N1_595_car_names.model JOIN car_makers AS N1_595_car_makers ON N1_595_car_makers.id=N1_595_model_list.maker WHERE (N1_595_cars_data.year = 1973 AND (N1_595_car_makers.maker = 'amc' AND N1_595_cars_data.accelerate <= 11.5))
SELECT DISTINCT N1_596_model_list.maker FROM car_makers AS N1_596_car_makers JOIN model_list AS N1_596_model_list ON N1_596_car_makers.id=N1_596_model_list.maker WHERE N1_596_car_makers.maker IN ('toyota','saab')
SELECT DISTINCT N1_597_car_names.makeid FROM cars_data AS N1_597_cars_data JOIN car_names AS N1_597_car_names ON N1_597_car_names.makeid=N1_597_cars_data.id WHERE (N1_597_cars_data.horsepower > 30.0 OR N1_597_cars_data.edispl >= 455.0)
SELECT DISTINCT N1_598_car_makers.maker, N1_598_car_makers.country FROM car_makers AS N1_598_car_makers WHERE N1_598_car_makers.maker != 'ford'
SELECT DISTINCT N1_599_cars_data.year, MIN(N1_599_cars_data.edispl) FROM cars_data AS N1_599_cars_data JOIN car_names AS N1_599_car_names ON N1_599_car_names.makeid=N1_599_cars_data.id JOIN model_list AS N1_599_model_list ON N1_599_model_list.model=N1_599_car_names.model JOIN car_makers AS N1_599_car_makers ON N1_599_car_makers.id=N1_599_model_list.maker WHERE (N1_599_car_makers.maker = 'chrysler' OR N1_599_cars_data.edispl = 122.0) GROUP BY N1_599_cars_data.year ORDER BY N1_599_cars_data.year LIMIT 5
SELECT DISTINCT N1_600_countries.continent, N1_600_countries.countryname, N1_600_countries.countryid FROM countries AS N1_600_countries WHERE N1_600_countries.countryname IN ('usa','germany') ORDER BY N1_600_countries.continent LIMIT 4
SELECT DISTINCT N1_601_model_list.maker, N1_601_car_names.make, N1_601_model_list.model FROM car_names AS N1_601_car_names JOIN model_list AS N1_601_model_list ON N1_601_model_list.model=N1_601_car_names.model WHERE N1_601_car_names.make = 'dodge challenger se'
